-------------------------------------------------------------------------------->8
[2025-02-14T16:23:54.547971228Z][docker-desktop-user-distro] syncContextStores <HOME>/.docker/contexts <-> /mnt/c/Users/<USER>o/.docker/contexts
[2025-02-14T16:23:54.564731323Z][docker-desktop-user-distro] syncContextStores <HOME>/.docker/contexts <-> /mnt/c/Users/<USER>o/.docker/contexts os.Symlink <HOME>/.docker/contexts -> /mnt/c/Users/<USER>o/.docker/contexts
-------------------------------------------------------------------------------->8
[2025-02-14T16:23:55.218896120Z][docker-desktop-user-distro] linkPathToWindows windowsPath = /mnt/c/Users/<USER>o/.aws, linkPath = <HOME>/.aws
-------------------------------------------------------------------------------->8
[2025-02-14T16:23:55.879509204Z][docker-desktop-user-distro] linkPathToWindows windowsPath = /mnt/c/Users/<USER>o/.azure, linkPath = <HOME>/.azure
-------------------------------------------------------------------------------->8
[2025-02-14T16:23:56.700680946Z][docker-desktop-user-distro] linkPathToWindows windowsPath = /mnt/c/Users/<USER>o/.docker/features.json, linkPath = ~/.docker/features.json
-------------------------------------------------------------------------------->8
[2025-02-16T17:37:41.777234285Z][docker-desktop-user-distro] syncContextStores <HOME>/.docker/contexts <-> /mnt/c/Users/<USER>o/.docker/contexts
[2025-02-16T17:37:41.793706408Z][docker-desktop-user-distro] syncContextStores <HOME>/.docker/contexts <-> /mnt/c/Users/<USER>o/.docker/contexts: syncNoop
-------------------------------------------------------------------------------->8
[2025-02-16T17:37:42.216820473Z][docker-desktop-user-distro] linkPathToWindows windowsPath = /mnt/c/Users/<USER>o/.aws, linkPath = <HOME>/.aws
[2025-02-16T17:37:42.230646825Z][docker-desktop-user-distro] no need to symlink <HOME>/.aws to /mnt/c/Users/<USER>o/.aws: they are the same path already
-------------------------------------------------------------------------------->8
[2025-02-16T17:37:42.685259831Z][docker-desktop-user-distro] linkPathToWindows windowsPath = /mnt/c/Users/<USER>o/.azure, linkPath = <HOME>/.azure
[2025-02-16T17:37:42.701394937Z][docker-desktop-user-distro] no need to symlink <HOME>/.azure to /mnt/c/Users/<USER>o/.azure: they are the same path already
-------------------------------------------------------------------------------->8
[2025-02-16T17:37:43.472123463Z][docker-desktop-user-distro] linkPathToWindows windowsPath = /mnt/c/Users/<USER>o/.docker/features.json, linkPath = ~/.docker/features.json
-------------------------------------------------------------------------------->8
[2025-05-02T04:21:11.512306321Z][docker-desktop-user-distro] syncContextStores <HOME>/.docker/contexts <-> /mnt/c/Users/<USER>o/.docker/contexts
[2025-05-02T04:21:11.526018590Z][docker-desktop-user-distro] syncContextStores <HOME>/.docker/contexts <-> /mnt/c/Users/<USER>o/.docker/contexts: syncNoop
-------------------------------------------------------------------------------->8
[2025-05-02T04:21:11.877802435Z][docker-desktop-user-distro] linkPathToWindows windowsPath = /mnt/c/Users/<USER>o/.aws, linkPath = <HOME>/.aws
[2025-05-02T04:21:11.888467003Z][docker-desktop-user-distro] no need to symlink <HOME>/.aws to /mnt/c/Users/<USER>o/.aws: they are the same path already
-------------------------------------------------------------------------------->8
[2025-05-02T04:21:12.249686813Z][docker-desktop-user-distro] linkPathToWindows windowsPath = /mnt/c/Users/<USER>o/.azure, linkPath = <HOME>/.azure
[2025-05-02T04:21:12.263548591Z][docker-desktop-user-distro] no need to symlink <HOME>/.azure to /mnt/c/Users/<USER>o/.azure: they are the same path already
-------------------------------------------------------------------------------->8
[2025-05-02T04:21:12.692323619Z][docker-desktop-user-distro] linkPathToWindows windowsPath = /mnt/c/Users/<USER>o/.docker/features.json, linkPath = ~/.docker/features.json
-------------------------------------------------------------------------------->8
[2025-05-25T10:31:12.694798839Z][docker-desktop-user-distro] syncContextStores <HOME>/.docker/contexts <-> /mnt/c/Users/<USER>o/.docker/contexts
[2025-05-25T10:31:12.709373994Z][docker-desktop-user-distro] syncContextStores <HOME>/.docker/contexts <-> /mnt/c/Users/<USER>o/.docker/contexts: syncNoop
-------------------------------------------------------------------------------->8
[2025-05-25T10:31:13.117673826Z][docker-desktop-user-distro] linkPathToWindows windowsPath = /mnt/c/Users/<USER>o/.aws, linkPath = <HOME>/.aws
[2025-05-25T10:31:13.129926451Z][docker-desktop-user-distro] no need to symlink <HOME>/.aws to /mnt/c/Users/<USER>o/.aws: they are the same path already
-------------------------------------------------------------------------------->8
[2025-05-25T10:31:13.900026195Z][docker-desktop-user-distro] linkPathToWindows windowsPath = /mnt/c/Users/<USER>o/.azure, linkPath = <HOME>/.azure
[2025-05-25T10:31:13.913059084Z][docker-desktop-user-distro] no need to symlink <HOME>/.azure to /mnt/c/Users/<USER>o/.azure: they are the same path already
-------------------------------------------------------------------------------->8
[2025-05-25T10:31:14.338027544Z][docker-desktop-user-distro] linkPathToWindows windowsPath = /mnt/c/Users/<USER>o/.docker/features.json, linkPath = ~/.docker/features.json
-------------------------------------------------------------------------------->8
[2025-05-28T09:48:51.184237860Z][docker-desktop-user-distro] syncContextStores <HOME>/.docker/contexts <-> /mnt/c/Users/<USER>o/.docker/contexts
[2025-05-28T09:48:51.201572668Z][docker-desktop-user-distro] syncContextStores <HOME>/.docker/contexts <-> /mnt/c/Users/<USER>o/.docker/contexts: syncNoop
-------------------------------------------------------------------------------->8
[2025-05-28T09:48:51.708701428Z][docker-desktop-user-distro] linkPathToWindows windowsPath = /mnt/c/Users/<USER>o/.aws, linkPath = <HOME>/.aws
[2025-05-28T09:48:51.723056982Z][docker-desktop-user-distro] no need to symlink <HOME>/.aws to /mnt/c/Users/<USER>o/.aws: they are the same path already
-------------------------------------------------------------------------------->8
[2025-05-28T09:48:52.264314200Z][docker-desktop-user-distro] linkPathToWindows windowsPath = /mnt/c/Users/<USER>o/.azure, linkPath = <HOME>/.azure
[2025-05-28T09:48:52.335979500Z][docker-desktop-user-distro] no need to symlink <HOME>/.azure to /mnt/c/Users/<USER>o/.azure: they are the same path already
-------------------------------------------------------------------------------->8
[2025-05-28T09:48:53.481916850Z][docker-desktop-user-distro] linkPathToWindows windowsPath = /mnt/c/Users/<USER>o/.docker/features.json, linkPath = ~/.docker/features.json
-------------------------------------------------------------------------------->8
[2025-09-10T13:18:59.062156365Z][docker-desktop-user-distro] syncContextStores <HOME>/.docker/contexts <-> /mnt/c/Users/<USER>o/.docker/contexts
[2025-09-10T13:18:59.109097430Z][docker-desktop-user-distro] syncContextStores <HOME>/.docker/contexts <-> /mnt/c/Users/<USER>o/.docker/contexts: syncNoop
-------------------------------------------------------------------------------->8
[2025-09-10T13:19:00.141859687Z][docker-desktop-user-distro] linkPathToWindows windowsPath = /mnt/c/Users/<USER>o/.aws, linkPath = <HOME>/.aws
[2025-09-10T13:19:00.217245633Z][docker-desktop-user-distro] no need to symlink <HOME>/.aws to /mnt/c/Users/<USER>o/.aws: they are the same path already
-------------------------------------------------------------------------------->8
[2025-09-10T13:19:01.476696101Z][docker-desktop-user-distro] linkPathToWindows windowsPath = /mnt/c/Users/<USER>o/.azure, linkPath = <HOME>/.azure
[2025-09-10T13:19:01.502511281Z][docker-desktop-user-distro] no need to symlink <HOME>/.azure to /mnt/c/Users/<USER>o/.azure: they are the same path already
-------------------------------------------------------------------------------->8
[2025-09-10T13:19:02.893086803Z][docker-desktop-user-distro] linkPathToWindows windowsPath = /mnt/c/Users/<USER>o/.docker/features.json, linkPath = ~/.docker/features.json
-------------------------------------------------------------------------------->8
[2025-09-10T13:20:47.031337508Z][docker-desktop-user-distro] syncContextStores <HOME>/.docker/contexts <-> /mnt/c/Users/<USER>o/.docker/contexts
[2025-09-10T13:20:47.082506396Z][docker-desktop-user-distro] syncContextStores <HOME>/.docker/contexts <-> /mnt/c/Users/<USER>o/.docker/contexts: syncNoop
-------------------------------------------------------------------------------->8
[2025-09-10T13:20:48.008627761Z][docker-desktop-user-distro] linkPathToWindows windowsPath = /mnt/c/Users/<USER>o/.aws, linkPath = <HOME>/.aws
[2025-09-10T13:20:48.035756898Z][docker-desktop-user-distro] no need to symlink <HOME>/.aws to /mnt/c/Users/<USER>o/.aws: they are the same path already
-------------------------------------------------------------------------------->8
[2025-09-10T13:20:49.072717630Z][docker-desktop-user-distro] linkPathToWindows windowsPath = /mnt/c/Users/<USER>o/.azure, linkPath = <HOME>/.azure
[2025-09-10T13:20:49.182896718Z][docker-desktop-user-distro] no need to symlink <HOME>/.azure to /mnt/c/Users/<USER>o/.azure: they are the same path already
-------------------------------------------------------------------------------->8
[2025-09-10T13:20:50.130716444Z][docker-desktop-user-distro] linkPathToWindows windowsPath = /mnt/c/Users/<USER>o/.docker/features.json, linkPath = ~/.docker/features.json
